mode: set
github.com/rany2/edge-tts-go/pkg/edge_tts/communicate.go:32.74,33.16 1 1
github.com/rany2/edge-tts-go/pkg/edge_tts/communicate.go:33.16,35.3 1 0
github.com/rany2/edge-tts-go/pkg/edge_tts/communicate.go:37.2,42.8 3 1
github.com/rany2/edge-tts-go/pkg/edge_tts/communicate.go:46.64,50.12 3 1
github.com/rany2/edge-tts-go/pkg/edge_tts/communicate.go:50.12,54.37 3 1
github.com/rany2/edge-tts-go/pkg/edge_tts/communicate.go:54.37,57.18 2 1
github.com/rany2/edge-tts-go/pkg/edge_tts/communicate.go:57.18,60.5 2 0
github.com/rany2/edge-tts-go/pkg/edge_tts/communicate.go:64.2,64.28 1 1
github.com/rany2/edge-tts-go/pkg/edge_tts/communicate.go:67.97,69.16 2 1
github.com/rany2/edge-tts-go/pkg/edge_tts/communicate.go:69.16,70.71 1 0
github.com/rany2/edge-tts-go/pkg/edge_tts/communicate.go:70.71,72.80 1 0
github.com/rany2/edge-tts-go/pkg/edge_tts/communicate.go:72.80,74.5 1 0
github.com/rany2/edge-tts-go/pkg/edge_tts/communicate.go:76.3,76.13 1 0
github.com/rany2/edge-tts-go/pkg/edge_tts/communicate.go:78.2,78.12 1 1
github.com/rany2/edge-tts-go/pkg/edge_tts/communicate.go:81.88,86.48 3 1
github.com/rany2/edge-tts-go/pkg/edge_tts/communicate.go:86.48,88.3 1 1
github.com/rany2/edge-tts-go/pkg/edge_tts/communicate.go:90.2,96.16 4 1
github.com/rany2/edge-tts-go/pkg/edge_tts/communicate.go:96.16,97.18 1 0
github.com/rany2/edge-tts-go/pkg/edge_tts/communicate.go:97.18,102.4 1 0
github.com/rany2/edge-tts-go/pkg/edge_tts/communicate.go:103.3,103.13 1 0
github.com/rany2/edge-tts-go/pkg/edge_tts/communicate.go:105.2,113.81 3 1
github.com/rany2/edge-tts-go/pkg/edge_tts/communicate.go:113.81,115.3 1 0
github.com/rany2/edge-tts-go/pkg/edge_tts/communicate.go:118.2,120.82 3 1
github.com/rany2/edge-tts-go/pkg/edge_tts/communicate.go:120.82,122.3 1 0
github.com/rany2/edge-tts-go/pkg/edge_tts/communicate.go:124.2,127.6 2 1
github.com/rany2/edge-tts-go/pkg/edge_tts/communicate.go:127.6,129.17 2 1
github.com/rany2/edge-tts-go/pkg/edge_tts/communicate.go:129.17,130.101 1 0
github.com/rany2/edge-tts-go/pkg/edge_tts/communicate.go:130.101,132.5 1 0
github.com/rany2/edge-tts-go/pkg/edge_tts/communicate.go:133.4,133.9 1 0
github.com/rany2/edge-tts-go/pkg/edge_tts/communicate.go:136.3,136.39 1 1
github.com/rany2/edge-tts-go/pkg/edge_tts/communicate.go:136.39,143.32 5 1
github.com/rany2/edge-tts-go/pkg/edge_tts/communicate.go:143.32,146.19 2 1
github.com/rany2/edge-tts-go/pkg/edge_tts/communicate.go:146.19,148.6 1 0
github.com/rany2/edge-tts-go/pkg/edge_tts/communicate.go:149.5,149.38 1 1
github.com/rany2/edge-tts-go/pkg/edge_tts/communicate.go:149.38,152.6 2 1
github.com/rany2/edge-tts-go/pkg/edge_tts/communicate.go:153.10,153.33 1 1
github.com/rany2/edge-tts-go/pkg/edge_tts/communicate.go:153.33,155.10 2 1
github.com/rany2/edge-tts-go/pkg/edge_tts/communicate.go:157.9,157.48 1 1
github.com/rany2/edge-tts-go/pkg/edge_tts/communicate.go:157.48,158.20 1 1
github.com/rany2/edge-tts-go/pkg/edge_tts/communicate.go:158.20,160.5 1 0
github.com/rany2/edge-tts-go/pkg/edge_tts/communicate.go:161.4,162.35 2 1
github.com/rany2/edge-tts-go/pkg/edge_tts/communicate.go:162.35,164.5 1 0
github.com/rany2/edge-tts-go/pkg/edge_tts/communicate.go:165.4,169.23 4 1
github.com/rany2/edge-tts-go/pkg/edge_tts/communicate.go:169.23,171.5 1 0
github.com/rany2/edge-tts-go/pkg/edge_tts/communicate.go:172.4,172.22 1 1
github.com/rany2/edge-tts-go/pkg/edge_tts/communicate.go:172.22,173.13 1 1
github.com/rany2/edge-tts-go/pkg/edge_tts/communicate.go:175.4,179.5 2 1
github.com/rany2/edge-tts-go/pkg/edge_tts/communicate.go:183.2,183.23 1 1
github.com/rany2/edge-tts-go/pkg/edge_tts/communicate.go:183.23,185.3 1 0
github.com/rany2/edge-tts-go/pkg/edge_tts/communicate.go:187.2,187.12 1 1
github.com/rany2/edge-tts-go/pkg/edge_tts/communicate.go:190.70,204.56 2 1
github.com/rany2/edge-tts-go/pkg/edge_tts/communicate.go:204.56,206.3 1 0
github.com/rany2/edge-tts-go/pkg/edge_tts/communicate.go:208.2,209.38 2 1
github.com/rany2/edge-tts-go/pkg/edge_tts/communicate.go:209.38,210.63 1 1
github.com/rany2/edge-tts-go/pkg/edge_tts/communicate.go:210.63,217.4 1 1
github.com/rany2/edge-tts-go/pkg/edge_tts/communicate.go:220.2,220.20 1 1
github.com/rany2/edge-tts-go/pkg/edge_tts/communicate.go:223.50,224.63 1 1
github.com/rany2/edge-tts-go/pkg/edge_tts/communicate.go:224.63,225.45 1 1
github.com/rany2/edge-tts-go/pkg/edge_tts/communicate.go:225.45,227.4 1 1
github.com/rany2/edge-tts-go/pkg/edge_tts/communicate.go:229.2,229.11 1 0
github.com/rany2/edge-tts-go/pkg/edge_tts/constants.go:30.43,36.32 2 1
github.com/rany2/edge-tts-go/pkg/edge_tts/constants.go:36.32,38.3 1 1
github.com/rany2/edge-tts-go/pkg/edge_tts/constants.go:39.2,39.10 1 1
github.com/rany2/edge-tts-go/pkg/edge_tts/constants.go:42.45,52.32 2 1
github.com/rany2/edge-tts-go/pkg/edge_tts/constants.go:52.32,54.3 1 1
github.com/rany2/edge-tts-go/pkg/edge_tts/constants.go:55.2,55.10 1 1
github.com/rany2/edge-tts-go/pkg/edge_tts/constants.go:65.35,72.2 1 1
github.com/rany2/edge-tts-go/pkg/edge_tts/drm.go:25.40,29.2 3 1
github.com/rany2/edge-tts-go/pkg/edge_tts/drm.go:32.33,38.2 4 1
github.com/rany2/edge-tts-go/pkg/edge_tts/drm.go:41.47,44.16 2 1
github.com/rany2/edge-tts-go/pkg/edge_tts/drm.go:44.16,46.3 1 1
github.com/rany2/edge-tts-go/pkg/edge_tts/drm.go:47.2,47.36 1 1
github.com/rany2/edge-tts-go/pkg/edge_tts/drm.go:51.57,52.22 1 0
github.com/rany2/edge-tts-go/pkg/edge_tts/drm.go:52.22,54.3 1 0
github.com/rany2/edge-tts-go/pkg/edge_tts/drm.go:56.2,57.27 2 0
github.com/rany2/edge-tts-go/pkg/edge_tts/drm.go:57.27,59.3 1 0
github.com/rany2/edge-tts-go/pkg/edge_tts/drm.go:61.2,63.12 3 0
github.com/rany2/edge-tts-go/pkg/edge_tts/drm.go:70.32,79.2 7 1
github.com/rany2/edge-tts-go/pkg/edge_tts/drm.go:82.28,86.2 3 1
github.com/rany2/edge-tts-go/pkg/edge_tts/drm.go:89.67,91.28 2 1
github.com/rany2/edge-tts-go/pkg/edge_tts/drm.go:91.28,93.3 1 1
github.com/rany2/edge-tts-go/pkg/edge_tts/drm.go:94.2,95.17 2 1
github.com/rany2/edge-tts-go/pkg/edge_tts/srt_composer.go:15.30,17.2 1 1
github.com/rany2/edge-tts-go/pkg/edge_tts/srt_composer.go:19.41,20.70 1 1
github.com/rany2/edge-tts-go/pkg/edge_tts/srt_composer.go:20.70,24.3 3 1
github.com/rany2/edge-tts-go/pkg/edge_tts/srt_composer.go:27.35,37.2 9 1
github.com/rany2/edge-tts-go/pkg/edge_tts/srt_composer.go:39.36,41.35 2 1
github.com/rany2/edge-tts-go/pkg/edge_tts/srt_composer.go:41.35,47.3 5 1
github.com/rany2/edge-tts-go/pkg/edge_tts/srt_composer.go:48.2,48.25 1 1
github.com/rany2/edge-tts-go/pkg/edge_tts/utils.go:15.55,18.28 3 1
github.com/rany2/edge-tts-go/pkg/edge_tts/utils.go:18.28,19.91 1 1
github.com/rany2/edge-tts-go/pkg/edge_tts/utils.go:19.91,21.4 1 1
github.com/rany2/edge-tts-go/pkg/edge_tts/utils.go:21.9,23.4 1 1
github.com/rany2/edge-tts-go/pkg/edge_tts/utils.go:25.2,25.25 1 1
github.com/rany2/edge-tts-go/pkg/edge_tts/utils.go:28.25,31.2 2 1
github.com/rany2/edge-tts-go/pkg/edge_tts/utils.go:33.68,35.23 2 1
github.com/rany2/edge-tts-go/pkg/edge_tts/utils.go:35.23,37.3 1 1
github.com/rany2/edge-tts-go/pkg/edge_tts/utils.go:38.2,39.13 2 1
github.com/rany2/edge-tts-go/pkg/edge_tts/utils.go:39.13,41.3 1 1
github.com/rany2/edge-tts-go/pkg/edge_tts/utils.go:42.2,42.12 1 1
github.com/rany2/edge-tts-go/pkg/edge_tts/utils.go:45.46,47.18 2 0
github.com/rany2/edge-tts-go/pkg/edge_tts/utils.go:47.18,48.33 1 0
github.com/rany2/edge-tts-go/pkg/edge_tts/utils.go:48.33,50.4 1 0
github.com/rany2/edge-tts-go/pkg/edge_tts/utils.go:51.3,51.12 1 0
github.com/rany2/edge-tts-go/pkg/edge_tts/utils.go:53.2,53.16 1 0
github.com/rany2/edge-tts-go/pkg/edge_tts/utils.go:56.65,57.65 1 1
github.com/rany2/edge-tts-go/pkg/edge_tts/utils.go:57.65,59.64 2 1
github.com/rany2/edge-tts-go/pkg/edge_tts/utils.go:59.64,60.9 1 0
github.com/rany2/edge-tts-go/pkg/edge_tts/utils.go:62.3,62.27 1 1
github.com/rany2/edge-tts-go/pkg/edge_tts/utils.go:64.2,64.16 1 1
github.com/rany2/edge-tts-go/pkg/edge_tts/utils.go:68.66,69.21 1 1
github.com/rany2/edge-tts-go/pkg/edge_tts/utils.go:69.21,71.3 1 0
github.com/rany2/edge-tts-go/pkg/edge_tts/utils.go:73.2,74.29 2 1
github.com/rany2/edge-tts-go/pkg/edge_tts/utils.go:74.29,76.18 2 1
github.com/rany2/edge-tts-go/pkg/edge_tts/utils.go:76.18,78.4 1 0
github.com/rany2/edge-tts-go/pkg/edge_tts/utils.go:79.3,80.18 2 1
github.com/rany2/edge-tts-go/pkg/edge_tts/utils.go:80.18,82.4 1 0
github.com/rany2/edge-tts-go/pkg/edge_tts/utils.go:84.3,85.21 2 1
github.com/rany2/edge-tts-go/pkg/edge_tts/utils.go:85.21,87.4 1 1
github.com/rany2/edge-tts-go/pkg/edge_tts/utils.go:88.3,88.18 1 1
github.com/rany2/edge-tts-go/pkg/edge_tts/utils.go:88.18,90.4 1 1
github.com/rany2/edge-tts-go/pkg/edge_tts/utils.go:90.9,92.4 1 0
github.com/rany2/edge-tts-go/pkg/edge_tts/utils.go:94.2,95.24 2 1
github.com/rany2/edge-tts-go/pkg/edge_tts/utils.go:95.24,97.3 1 1
github.com/rany2/edge-tts-go/pkg/edge_tts/utils.go:98.2,98.15 1 1
github.com/rany2/edge-tts-go/pkg/edge_tts/utils.go:101.54,110.2 1 1
github.com/rany2/edge-tts-go/pkg/edge_tts/utils.go:112.37,116.2 3 1
github.com/rany2/edge-tts-go/pkg/edge_tts/utils.go:118.28,123.2 2 1
github.com/rany2/edge-tts-go/pkg/edge_tts/utils.go:125.68,128.2 1 1
github.com/rany2/edge-tts-go/pkg/edge_tts/voices.go:28.36,30.16 2 1
github.com/rany2/edge-tts-go/pkg/edge_tts/voices.go:30.16,31.77 1 0
github.com/rany2/edge-tts-go/pkg/edge_tts/voices.go:31.77,33.83 1 0
github.com/rany2/edge-tts-go/pkg/edge_tts/voices.go:33.83,35.5 1 0
github.com/rany2/edge-tts-go/pkg/edge_tts/voices.go:37.3,37.18 1 0
github.com/rany2/edge-tts-go/pkg/edge_tts/voices.go:39.2,39.20 1 1
github.com/rany2/edge-tts-go/pkg/edge_tts/voices.go:47.36,49.2 1 0
github.com/rany2/edge-tts-go/pkg/edge_tts/voices.go:51.37,55.16 3 1
github.com/rany2/edge-tts-go/pkg/edge_tts/voices.go:55.16,57.3 1 0
github.com/rany2/edge-tts-go/pkg/edge_tts/voices.go:58.2,58.50 1 1
github.com/rany2/edge-tts-go/pkg/edge_tts/voices.go:58.50,60.3 1 1
github.com/rany2/edge-tts-go/pkg/edge_tts/voices.go:62.2,64.16 3 1
github.com/rany2/edge-tts-go/pkg/edge_tts/voices.go:64.16,66.3 1 0
github.com/rany2/edge-tts-go/pkg/edge_tts/voices.go:67.2,69.38 2 1
github.com/rany2/edge-tts-go/pkg/edge_tts/voices.go:69.38,74.3 1 0
github.com/rany2/edge-tts-go/pkg/edge_tts/voices.go:76.2,77.16 2 1
github.com/rany2/edge-tts-go/pkg/edge_tts/voices.go:77.16,79.3 1 0
github.com/rany2/edge-tts-go/pkg/edge_tts/voices.go:81.2,82.54 2 1
github.com/rany2/edge-tts-go/pkg/edge_tts/voices.go:82.54,84.3 1 0
github.com/rany2/edge-tts-go/pkg/edge_tts/voices.go:87.2,87.24 1 1
github.com/rany2/edge-tts-go/pkg/edge_tts/voices.go:87.24,88.50 1 1
github.com/rany2/edge-tts-go/pkg/edge_tts/voices.go:88.50,90.4 1 0
github.com/rany2/edge-tts-go/pkg/edge_tts/voices.go:91.3,91.51 1 1
github.com/rany2/edge-tts-go/pkg/edge_tts/voices.go:91.51,93.4 1 0
github.com/rany2/edge-tts-go/pkg/edge_tts/voices.go:96.2,96.20 1 1
github.com/rany2/edge-tts-go/cmd/edge-tts/main.go:15.13,16.30 1 0
github.com/rany2/edge-tts-go/cmd/edge-tts/main.go:16.30,18.3 1 0
github.com/rany2/edge-tts-go/cmd/edge-tts/main.go:21.18,42.16 18 1
github.com/rany2/edge-tts-go/cmd/edge-tts/main.go:42.16,45.3 2 1
github.com/rany2/edge-tts-go/cmd/edge-tts/main.go:47.2,47.16 1 1
github.com/rany2/edge-tts-go/cmd/edge-tts/main.go:47.16,48.42 1 1
github.com/rany2/edge-tts-go/cmd/edge-tts/main.go:48.42,50.18 2 0
github.com/rany2/edge-tts-go/cmd/edge-tts/main.go:50.18,52.5 1 0
github.com/rany2/edge-tts-go/cmd/edge-tts/main.go:53.4,53.20 1 0
github.com/rany2/edge-tts-go/cmd/edge-tts/main.go:54.9,56.18 2 1
github.com/rany2/edge-tts-go/cmd/edge-tts/main.go:56.18,58.5 1 0
github.com/rany2/edge-tts-go/cmd/edge-tts/main.go:59.4,59.20 1 1
github.com/rany2/edge-tts-go/cmd/edge-tts/main.go:63.2,63.16 1 1
github.com/rany2/edge-tts-go/cmd/edge-tts/main.go:63.16,65.3 1 0
github.com/rany2/edge-tts-go/cmd/edge-tts/main.go:67.2,75.16 3 1
github.com/rany2/edge-tts-go/cmd/edge-tts/main.go:75.16,77.3 1 0
github.com/rany2/edge-tts-go/cmd/edge-tts/main.go:79.2,80.43 2 1
github.com/rany2/edge-tts-go/cmd/edge-tts/main.go:80.43,82.17 2 0
github.com/rany2/edge-tts-go/cmd/edge-tts/main.go:82.17,84.4 1 0
github.com/rany2/edge-tts-go/cmd/edge-tts/main.go:85.3,86.18 2 0
github.com/rany2/edge-tts-go/cmd/edge-tts/main.go:87.8,91.3 1 1
github.com/rany2/edge-tts-go/cmd/edge-tts/main.go:93.2,94.26 2 1
github.com/rany2/edge-tts-go/cmd/edge-tts/main.go:94.26,95.28 1 1
github.com/rany2/edge-tts-go/cmd/edge-tts/main.go:95.28,97.4 1 1
github.com/rany2/edge-tts-go/cmd/edge-tts/main.go:97.9,99.18 2 0
github.com/rany2/edge-tts-go/cmd/edge-tts/main.go:99.18,101.5 1 0
github.com/rany2/edge-tts-go/cmd/edge-tts/main.go:102.4,103.17 2 0
github.com/rany2/edge-tts-go/cmd/edge-tts/main.go:107.2,111.6 3 1
github.com/rany2/edge-tts-go/cmd/edge-tts/main.go:111.6,112.10 1 1
github.com/rany2/edge-tts-go/cmd/edge-tts/main.go:113.35,114.11 1 1
github.com/rany2/edge-tts-go/cmd/edge-tts/main.go:114.11,116.5 1 1
github.com/rany2/edge-tts-go/cmd/edge-tts/main.go:116.10,116.31 1 0
github.com/rany2/edge-tts-go/cmd/edge-tts/main.go:116.31,118.5 1 0
github.com/rany2/edge-tts-go/cmd/edge-tts/main.go:119.34,120.11 1 1
github.com/rany2/edge-tts-go/cmd/edge-tts/main.go:120.11,122.14 2 1
github.com/rany2/edge-tts-go/cmd/edge-tts/main.go:124.4,124.29 1 1
github.com/rany2/edge-tts-go/cmd/edge-tts/main.go:124.29,126.5 1 1
github.com/rany2/edge-tts-go/cmd/edge-tts/main.go:126.10,126.79 1 1
github.com/rany2/edge-tts-go/cmd/edge-tts/main.go:126.79,128.5 1 1
github.com/rany2/edge-tts-go/cmd/edge-tts/main.go:133.2,133.22 1 1
github.com/rany2/edge-tts-go/cmd/edge-tts/main.go:133.22,135.3 1 1
github.com/rany2/edge-tts-go/cmd/edge-tts/main.go:136.2,136.12 1 1
github.com/rany2/edge-tts-go/cmd/edge-tts/main.go:139.20,141.16 2 1
github.com/rany2/edge-tts-go/cmd/edge-tts/main.go:141.16,143.3 1 0
github.com/rany2/edge-tts-go/cmd/edge-tts/main.go:145.2,149.27 4 1
github.com/rany2/edge-tts-go/cmd/edge-tts/main.go:149.27,153.3 3 1
github.com/rany2/edge-tts-go/cmd/edge-tts/main.go:154.2,154.11 1 1
